
Apr 04, 2024 12:14:58.43 NEW SESSION
Apr 04, 2024 12:14:58.43 INFO: Created TensorFlow Lite XNNPACK delegate for CPU.
Apr 04, 2024 12:17:48.78 [16080:15740:0404/121748.779:ERROR:connection_factory_impl.cc(483)] ConnectionHandler failed with net error: -2
Apr 04, 2024 12:18:34.16 [16080:15740:0404/121834.166:ERROR:connection_factory_impl.cc(434)] Failed to connect to MCS endpoint with error -109
Apr 04, 2024 12:31:01.53 [16080:15740:0404/123101.530:ERROR:connection_factory_impl.cc(483)] ConnectionHandler failed with net error: -2
Apr 04, 2024 12:31:15.73 [16080:15740:0404/123115.729:ERROR:connection_factory_impl.cc(483)] ConnectionHandler failed with net error: -2
Apr 04, 2024 13:00:07.13 [16080:15740:0404/130007.128:ERROR:connection_factory_impl.cc(483)] ConnectionHandler failed with net error: -2
Apr 04, 2024 13:19:21.67 [16080:15740:0404/131921.671:ERROR:connection_factory_impl.cc(483)] ConnectionHandler failed with net error: -2
Apr 04, 2024 13:25:25.35 [16080:15740:0404/132525.357:ERROR:connection_factory_impl.cc(483)] ConnectionHandler failed with net error: -2
Apr 04, 2024 13:36:17.33 [16080:15740:0404/133617.336:ERROR:connection_factory_impl.cc(434)] Failed to connect to MCS endpoint with error -7
Apr 04, 2024 13:36:45.31 [16080:15740:0404/133645.319:ERROR:connection_factory_impl.cc(483)] ConnectionHandler failed with net error: -2
Apr 04, 2024 13:41:52.87 [16080:15740:0404/134152.874:ERROR:connection_factory_impl.cc(434)] Failed to connect to MCS endpoint with error -105
Apr 04, 2024 13:42:02.13 [16080:15740:0404/134202.132:ERROR:connection_factory_impl.cc(434)] Failed to connect to MCS endpoint with error -106
Apr 04, 2024 13:42:09.68 [16080:6896:0404/134209.681:ERROR:device_event_log_impl.cc(195)] [13:42:09.681] USB: usb_service_win.cc:105 SetupDiGetDeviceProperty({{A45C254E-DF1C-4EFD-8020-67D146A850E0}, 6}) failed: Element not found. (0x490)
Apr 04, 2024 13:59:20.93 INFO: Created TensorFlow Lite XNNPACK delegate for CPU.
Apr 04, 2024 15:08:16.62 [10612:19980:0404/150816.624:ERROR:connection_factory_impl.cc(483)] ConnectionHandler failed with net error: -2
Apr 04, 2024 15:23:24.95 [10612:19980:0404/152324.949:ERROR:connection_factory_impl.cc(483)] ConnectionHandler failed with net error: -2
Apr 04, 2024 15:29:29.72 [10612:19980:0404/152929.722:ERROR:connection_factory_impl.cc(434)] Failed to connect to MCS endpoint with error -7
Apr 04, 2024 16:06:05.14 [10612:19980:0404/160604.398:ERROR:connection_factory_impl.cc(483)] ConnectionHandler failed with net error: -2
Apr 04, 2024 16:06:10.14 [10612:19980:0404/160610.149:ERROR:connection_factory_impl.cc(434)] Failed to connect to MCS endpoint with error -331
Apr 04, 2024 16:09:17.79 [10612:19980:0404/160917.796:ERROR:connection_factory_impl.cc(434)] Failed to connect to MCS endpoint with error -105
Apr 04, 2024 16:09:23.35 [10612:19980:0404/160923.353:ERROR:connection_factory_impl.cc(434)] Failed to connect to MCS endpoint with error -106
Apr 04, 2024 16:11:25.22 [10612:19980:0404/161125.225:ERROR:connection_factory_impl.cc(434)] Failed to connect to MCS endpoint with error -106
Apr 04, 2024 16:17:29.27 [10612:19980:0404/161729.277:ERROR:connection_factory_impl.cc(434)] Failed to connect to MCS endpoint with error -106
Apr 04, 2024 16:17:54.42 [10612:19980:0404/161754.420:ERROR:connection_factory_impl.cc(434)] Failed to connect to MCS endpoint with error -106
Apr 04, 2024 16:18:56.19 [10612:19980:0404/161856.190:ERROR:connection_factory_impl.cc(434)] Failed to connect to MCS endpoint with error -106
Apr 04, 2024 16:20:04.18 [10612:19980:0404/162004.180:ERROR:connection_factory_impl.cc(434)] Failed to connect to MCS endpoint with error -105
Apr 04, 2024 16:20:09.23 [10612:19980:0404/162009.238:ERROR:connection_factory_impl.cc(434)] Failed to connect to MCS endpoint with error -106
Apr 04, 2024 16:21:55.18 [10612:19980:0404/162155.182:ERROR:connection_factory_impl.cc(434)] Failed to connect to MCS endpoint with error -7

Apr 04, 2024 16:52:57.68 NEW SESSION
Apr 04, 2024 16:52:57.68 INFO: Created TensorFlow Lite XNNPACK delegate for CPU.
Apr 04, 2024 16:53:56.27 [1592:6852:0404/165356.276:ERROR:connection_factory_impl.cc(434)] Failed to connect to MCS endpoint with error -106
Apr 04, 2024 17:02:28.41 [1592:6852:0404/170228.411:ERROR:connection_factory_impl.cc(434)] Failed to connect to MCS endpoint with error -7
Apr 04, 2024 17:02:36.29 [1592:6852:0404/170236.294:ERROR:connection_factory_impl.cc(434)] Failed to connect to MCS endpoint with error -105
Apr 04, 2024 17:23:21.49 [1592:6852:0404/172321.495:ERROR:connection_factory_impl.cc(434)] Failed to connect to MCS endpoint with error -105
Apr 04, 2024 17:23:38.64 [1592:6852:0404/172338.646:ERROR:connection_factory_impl.cc(434)] Failed to connect to MCS endpoint with error -106
Apr 04, 2024 17:23:46.23 [1592:1396:0404/172346.230:ERROR:device_event_log_impl.cc(195)] [17:23:46.229] USB: usb_service_win.cc:105 SetupDiGetDeviceProperty({{A45C254E-DF1C-4EFD-8020-67D146A850E0}, 6}) failed: Element not found. (0x490)
Apr 04, 2024 18:19:31.06 INFO: Created TensorFlow Lite XNNPACK delegate for CPU.

Apr 05, 2024 09:06:34.54 NEW SESSION
Apr 05, 2024 09:06:34.54 INFO: Created TensorFlow Lite XNNPACK delegate for CPU.
Apr 05, 2024 09:07:10.63 [9596:5364:0405/090710.632:ERROR:connection_factory_impl.cc(434)] Failed to connect to MCS endpoint with error -7
Apr 05, 2024 09:08:01.28 [9596:5364:0405/090801.281:ERROR:connection_factory_impl.cc(434)] Failed to connect to MCS endpoint with error -118
Apr 05, 2024 09:09:29.57 [9596:5364:0405/090929.577:ERROR:connection_factory_impl.cc(434)] Failed to connect to MCS endpoint with error -7
Apr 05, 2024 09:11:16.97 [9596:5364:0405/091116.969:ERROR:connection_factory_impl.cc(434)] Failed to connect to MCS endpoint with error -118
Apr 05, 2024 09:18:56.51 [9596:5364:0405/091856.512:ERROR:connection_factory_impl.cc(434)] Failed to connect to MCS endpoint with error -106
Apr 05, 2024 09:19:28.87 [9596:5364:0405/091928.871:ERROR:connection_factory_impl.cc(434)] Failed to connect to MCS endpoint with error -106
Apr 05, 2024 09:20:20.71 [9596:5364:0405/092020.717:ERROR:connection_factory_impl.cc(434)] Failed to connect to MCS endpoint with error -106
Apr 05, 2024 09:22:21.79 [9596:5364:0405/092221.796:ERROR:connection_factory_impl.cc(434)] Failed to connect to MCS endpoint with error -106
Apr 05, 2024 09:22:42.97 [9596:5364:0405/092242.970:ERROR:connection_factory_impl.cc(434)] Failed to connect to MCS endpoint with error -105
Apr 05, 2024 09:23:12.84 [9596:5364:0405/092312.841:ERROR:connection_factory_impl.cc(434)] Failed to connect to MCS endpoint with error -105
Apr 05, 2024 09:23:25.11 [9596:5364:0405/092325.113:ERROR:connection_factory_impl.cc(434)] Failed to connect to MCS endpoint with error -106
Apr 05, 2024 09:23:25.61 [9596:10764:0405/092325.618:ERROR:device_event_log_impl.cc(195)] [09:23:25.618] USB: usb_service_win.cc:105 SetupDiGetDeviceProperty({{A45C254E-DF1C-4EFD-8020-67D146A850E0}, 6}) failed: Element not found. (0x490)
Apr 05, 2024 09:23:33.01 [9596:5364:0405/092333.012:ERROR:connection_factory_impl.cc(434)] Failed to connect to MCS endpoint with error -105
Apr 05, 2024 09:23:35.30 [9596:5364:0405/092335.308:ERROR:connection_factory_impl.cc(434)] Failed to connect to MCS endpoint with error -105
Apr 05, 2024 09:23:37.83 [9596:5364:0405/092337.832:ERROR:connection_factory_impl.cc(434)] Failed to connect to MCS endpoint with error -105
Apr 05, 2024 09:23:42.35 [9596:5364:0405/092342.351:ERROR:connection_factory_impl.cc(434)] Failed to connect to MCS endpoint with error -105

Apr 05, 2024 11:56:30.36 NEW SESSION
Apr 05, 2024 11:56:30.36 INFO: Created TensorFlow Lite XNNPACK delegate for CPU.

Apr 05, 2024 21:51:27.22 NEW SESSION
Apr 05, 2024 21:51:27.22 INFO: Created TensorFlow Lite XNNPACK delegate for CPU.
